2019-10-04 11:10:849 INFO  BaseTest:81 - **************TC_001_invalidLoginTest_InvalidUserNameInvalidPasswordStarted***************
2019-10-04 11:10:64 INFO  BasePage:43 - Clicked on element Input Forms
2019-10-04 11:10:322 INFO  BasePage:51 - Entered omNamahSivaya  in the textbox By.xpath: //input[@id='user-message']
2019-10-04 11:10:489 INFO  BasePage:43 - Clicked on element Show Message
2019-10-04 11:10:630 INFO  BaseTest:103 - **************TC_001_invalidLoginTest_InvalidUserNameInvalidPasswordFinished***************
2019-10-04 11:10:146 INFO  BaseTest:81 - **************TC_002_invalidLoginTest_EmptyUserEmptyPasswordStarted***************
2019-10-04 11:10:295 INFO  BasePage:43 - Clicked on element Input Forms
2019-10-04 11:10:11 INFO  BaseTest:103 - **************TC_002_invalidLoginTest_EmptyUserEmptyPasswordFinished***************
2019-10-04 11:10:94 INFO  BaseTest:81 - **************TC_003_invalidLoginTest_EmptyUserEmptyPasswordStarted***************
2019-10-04 11:10:223 INFO  BasePage:43 - Clicked on element Input Forms
2019-10-04 11:10:881 INFO  BaseTest:103 - **************TC_003_invalidLoginTest_EmptyUserEmptyPasswordFinished***************
2019-10-04 11:10:878 INFO  BaseTest:81 - **************TC_001_invalidLoginTest_InvalidUserNameInvalidPasswordStarted***************
2019-10-04 11:10:120 INFO  BasePage:43 - Clicked on element Input Forms
2019-10-04 11:10:425 INFO  BasePage:51 - Entered omNamahSivaya  in the textbox By.xpath: //input[@id='user-message']
2019-10-04 11:10:611 INFO  BasePage:43 - Clicked on element Show Message
2019-10-04 11:10:748 INFO  BaseTest:103 - **************TC_001_invalidLoginTest_InvalidUserNameInvalidPasswordFinished***************
2019-10-04 11:10:860 INFO  BaseTest:81 - **************TC_002_invalidLoginTest_EmptyUserEmptyPasswordStarted***************
2019-10-04 11:10:33 INFO  BasePage:43 - Clicked on element Input Forms
2019-10-04 11:10:728 INFO  BaseTest:103 - **************TC_002_invalidLoginTest_EmptyUserEmptyPasswordFinished***************
2019-10-04 11:10:804 INFO  BaseTest:81 - **************TC_003_invalidLoginTest_EmptyUserEmptyPasswordStarted***************
2019-10-04 11:10:955 INFO  BasePage:43 - Clicked on element Input Forms
2019-10-04 11:10:574 INFO  BaseTest:103 - **************TC_003_invalidLoginTest_EmptyUserEmptyPasswordFinished***************
2019-10-04 11:10:222 INFO  BaseTest:82 - **************TC_001_invalidLoginTest_InvalidUserNameInvalidPasswordStarted*************** 

2019-10-04 11:10:442 INFO  BasePage:43 - Clicked on element Input Forms
2019-10-04 11:10:678 INFO  BasePage:51 - Entered omNamahSivaya  in the textbox By.xpath: //input[@id='user-message']
2019-10-04 11:10:855 INFO  BasePage:43 - Clicked on element Show Message
2019-10-04 11:10:976 INFO  BaseTest:104 - **************TC_001_invalidLoginTest_InvalidUserNameInvalidPasswordFinished***************
2019-10-04 11:10:430 INFO  BaseTest:82 - **************TC_002_invalidLoginTest_EmptyUserEmptyPasswordStarted*************** 

2019-10-04 11:10:552 INFO  BasePage:43 - Clicked on element Input Forms
2019-10-04 11:10:184 INFO  BaseTest:104 - **************TC_002_invalidLoginTest_EmptyUserEmptyPasswordFinished***************
2019-10-04 11:10:262 INFO  BaseTest:82 - **************TC_003_invalidLoginTest_EmptyUserEmptyPasswordStarted*************** 

2019-10-04 11:10:396 INFO  BasePage:43 - Clicked on element Input Forms
2019-10-04 11:10:152 INFO  BaseTest:104 - **************TC_003_invalidLoginTest_EmptyUserEmptyPasswordFinished***************
2019-10-04 11:10:17 INFO  BaseTest:82 - **************TC_001_invalidLoginTest_InvalidUserNameInvalidPasswordStarted*************** 

2019-10-04 11:10:226 INFO  BasePage:43 - Clicked on element Input Forms
2019-10-04 11:10:516 INFO  BasePage:51 - Entered omNamahSivaya  in the textbox By.xpath: //input[@id='user-message']
2019-10-04 11:10:700 INFO  BasePage:43 - Clicked on element Show Message
2019-10-04 11:10:819 INFO  BaseTest:104 - **************TC_001_invalidLoginTest_InvalidUserNameInvalidPasswordFinished***************
2019-10-04 11:10:933 INFO  BaseTest:82 - **************TC_002_invalidLoginTest_EmptyUserEmptyPasswordStarted*************** 

2019-10-04 11:10:72 INFO  BasePage:43 - Clicked on element Input Forms
2019-10-04 11:10:715 INFO  BaseTest:104 - **************TC_002_invalidLoginTest_EmptyUserEmptyPasswordFinished***************
2019-10-04 11:10:789 INFO  BaseTest:82 - **************TC_003_invalidLoginTest_EmptyUserEmptyPasswordStarted*************** 

2019-10-04 11:10:15 INFO  BasePage:43 - Clicked on element Input Forms
2019-10-04 11:10:703 INFO  BaseTest:104 - **************TC_003_invalidLoginTest_EmptyUserEmptyPasswordFinished***************
2019-10-04 11:10:767 INFO  BaseTest:82 - **************TC_001_invalidLoginTest_InvalidUserNameInvalidPasswordStarted*************** 
2019-10-04 11:10:981 INFO  BasePage:43 - Clicked on element Input Forms
2019-10-04 11:10:466 INFO  BasePage:51 - Entered omNamahSivaya  in the textbox By.xpath: //input[@id='user-message']
2019-10-04 11:10:702 INFO  BasePage:43 - Clicked on element Show Message
2019-10-04 11:10:823 INFO  BaseTest:104 - **************TC_001_invalidLoginTest_InvalidUserNameInvalidPasswordFinished*************** 

2019-10-04 11:10:282 INFO  BaseTest:82 - **************TC_002_invalidLoginTest_EmptyUserEmptyPasswordStarted*************** 
2019-10-04 11:10:403 INFO  BasePage:43 - Clicked on element Input Forms
2019-10-04 11:10:11 INFO  BaseTest:104 - **************TC_002_invalidLoginTest_EmptyUserEmptyPasswordFinished*************** 

2019-10-04 11:10:90 INFO  BaseTest:82 - **************TC_003_invalidLoginTest_EmptyUserEmptyPasswordStarted*************** 
2019-10-04 11:10:224 INFO  BasePage:43 - Clicked on element Input Forms
2019-10-04 11:10:877 INFO  BaseTest:104 - **************TC_003_invalidLoginTest_EmptyUserEmptyPasswordFinished*************** 

2019-10-04 11:10:330 INFO  BaseTest:82 - **************TC_001_invalidLoginTest_InvalidUserNameInvalidPasswordStarted*************** 
2019-10-04 11:10:517 INFO  BasePage:43 - Clicked on element Input Forms
2019-10-04 11:10:840 INFO  BasePage:51 - Entered omNamahSivaya  in the textbox By.xpath: //input[@id='user-message']
2019-10-04 11:10:20 INFO  BasePage:43 - Clicked on element Show Message
2019-10-04 11:10:161 INFO  BaseTest:104 - **************TC_001_invalidLoginTest_InvalidUserNameInvalidPasswordFinished*************** 

2019-10-04 11:10:288 INFO  BaseTest:82 - **************TC_002_invalidLoginTest_EmptyUserEmptyPasswordStarted*************** 
2019-10-04 11:10:447 INFO  BasePage:43 - Clicked on element Input Forms
2019-10-04 11:10:222 INFO  BaseTest:104 - **************TC_002_invalidLoginTest_EmptyUserEmptyPasswordFinished*************** 

2019-10-04 11:10:311 INFO  BaseTest:82 - **************TC_003_invalidLoginTest_EmptyUserEmptyPasswordStarted*************** 
2019-10-04 11:10:508 INFO  BasePage:43 - Clicked on element Input Forms
2019-10-04 11:10:274 INFO  BaseTest:104 - **************TC_003_invalidLoginTest_EmptyUserEmptyPasswordFinished*************** 

2019-10-06 11:10:749 INFO  BaseTest:82 - **************TC_001_invalidLoginTest_InvalidUserNameInvalidPasswordStarted*************** 
2019-10-06 11:10:333 INFO  BaseTest:104 - **************TC_001_invalidLoginTest_InvalidUserNameInvalidPasswordFinished*************** 

2019-10-06 11:10:27 INFO  BaseTest:82 - **************TC_002_invalidLoginTest_EmptyUserEmptyPasswordStarted*************** 
2019-10-06 11:10:473 INFO  BaseTest:104 - **************TC_002_invalidLoginTest_EmptyUserEmptyPasswordFinished*************** 

2019-10-06 11:10:548 INFO  BaseTest:82 - **************TC_003_invalidLoginTest_EmptyUserEmptyPasswordStarted*************** 
2019-10-06 11:10:933 INFO  BaseTest:104 - **************TC_003_invalidLoginTest_EmptyUserEmptyPasswordFinished*************** 

2019-10-06 12:10:210 INFO  BaseTest:82 - **************TC_001_invalidLoginTest_InvalidUserNameInvalidPasswordStarted*************** 
2019-10-06 12:10:476 INFO  BasePage:43 - Clicked on element Input Forms
2019-10-06 12:10:795 INFO  BasePage:51 - Entered omNamahSivaya  in the textbox By.xpath: //input[@id='user-message']
2019-10-06 12:10:969 INFO  BasePage:43 - Clicked on element Show Message
2019-10-06 12:10:103 INFO  BaseTest:104 - **************TC_001_invalidLoginTest_InvalidUserNameInvalidPasswordFinished*************** 

2019-10-06 12:10:610 INFO  BaseTest:82 - **************TC_002_invalidLoginTest_EmptyUserEmptyPasswordStarted*************** 
2019-10-06 12:10:437 INFO  BaseTest:104 - **************TC_002_invalidLoginTest_EmptyUserEmptyPasswordFinished*************** 

2019-10-06 12:10:521 INFO  BaseTest:82 - **************TC_003_invalidLoginTest_EmptyUserEmptyPasswordStarted*************** 
2019-10-06 12:10:672 INFO  BasePage:43 - Clicked on element Input Forms
2019-10-06 12:10:250 INFO  BaseTest:104 - **************TC_003_invalidLoginTest_EmptyUserEmptyPasswordFinished*************** 

2019-10-06 19:10:738 INFO  BaseTest:82 - **************TC_001_invalidLoginTest_InvalidUserNameInvalidPasswordStarted*************** 
2019-10-06 19:10:987 INFO  BasePage:43 - Clicked on element Input Forms
2019-10-06 19:10:308 INFO  BasePage:51 - Entered omNamahSivaya  in the textbox By.xpath: //input[@id='user-message']
2019-10-06 19:10:531 INFO  BasePage:43 - Clicked on element Show Message
2019-10-06 19:10:768 INFO  BasePage:178 - element text is ..Single Input Field
2019-10-06 19:10:828 INFO  BaseTest:104 - **************TC_001_invalidLoginTest_InvalidUserNameInvalidPasswordFinished*************** 

2019-10-06 19:10:372 INFO  BaseTest:82 - **************TC_001_invalidLoginTest_InvalidUserNameInvalidPasswordStarted*************** 
2019-10-06 19:10:576 INFO  BasePage:43 - Clicked on element Input Forms
2019-10-06 19:10:842 INFO  BasePage:51 - Entered omNamahSivaya  in the textbox By.xpath: //input[@id='user-message']
2019-10-06 19:10:02 INFO  BasePage:43 - Clicked on element Show Message
2019-10-06 19:10:202 INFO  BasePage:178 - element text is ..Single Input Field
2019-10-06 19:10:229 INFO  BaseTest:104 - **************TC_001_invalidLoginTest_InvalidUserNameInvalidPasswordFinished*************** 

2019-10-06 19:10:598 INFO  BaseTest:82 - **************TC_001_invalidLoginTest_InvalidUserNameInvalidPasswordStarted*************** 
2019-10-06 19:10:808 INFO  BasePage:43 - Clicked on element Input Forms
2019-10-06 19:10:44 INFO  BasePage:51 - Entered omNamahSivaya  in the textbox By.xpath: //input[@id='user-message']
2019-10-06 19:10:208 INFO  BasePage:43 - Clicked on element Show Message
2019-10-06 19:10:399 INFO  BasePage:178 - element text is ..Single Input Field
2019-10-06 19:10:431 INFO  BaseTest:104 - **************TC_001_invalidLoginTest_InvalidUserNameInvalidPasswordFinished*************** 

2019-10-06 19:10:21 INFO  BaseTest:82 - **************TC_001_invalidLoginTest_InvalidUserNameInvalidPasswordStarted*************** 
2019-10-06 19:10:500 INFO  BasePage:43 - Clicked on element Input Forms
2019-10-06 19:10:824 INFO  BasePage:51 - Entered omNamahSivaya  in the textbox By.xpath: //input[@id='user-message']
2019-10-06 19:10:41 INFO  BasePage:43 - Clicked on element Show Message
2019-10-06 19:10:271 INFO  BasePage:178 - element text is ..Single Input Field
2019-10-06 19:10:153 INFO  BaseTest:104 - **************TC_001_invalidLoginTest_InvalidUserNameInvalidPasswordFinished*************** 

2019-10-06 19:10:581 INFO  BaseTest:82 - **************TC_001_invalidLoginTest_InvalidUserNameInvalidPasswordStarted*************** 
2019-10-06 19:10:827 INFO  BasePage:43 - Clicked on element Input Forms
2019-10-06 19:10:76 INFO  BasePage:51 - Entered omNamahSivaya  in the textbox By.xpath: //input[@id='user-message']
2019-10-06 19:10:248 INFO  BasePage:43 - Clicked on element Show Message
2019-10-06 19:10:454 INFO  BasePage:178 - element text is ..Single Input Field
2019-10-06 19:10:482 INFO  BaseTest:104 - **************TC_001_invalidLoginTest_InvalidUserNameInvalidPasswordFinished*************** 

2019-10-06 19:10:378 INFO  BaseTest:82 - **************TC_001_invalidLoginTest_InvalidUserNameInvalidPasswordStarted*************** 
2019-10-06 19:10:700 INFO  BasePage:43 - Clicked on element Input Forms
2019-10-06 19:10:31 INFO  BasePage:51 - Entered omNamahSivaya  in the textbox By.xpath: //input[@id='user-message']
2019-10-06 19:10:255 INFO  BasePage:43 - Clicked on element Show Message
2019-10-06 19:10:499 INFO  BasePage:178 - element text is ..Single Input Field
2019-10-06 19:10:286 INFO  BaseTest:104 - **************TC_001_invalidLoginTest_InvalidUserNameInvalidPasswordFinished*************** 

2019-10-06 19:10:941 INFO  BaseTest:82 - **************TC_001_invalidLoginTest_InvalidUserNameInvalidPasswordStarted*************** 
2019-10-06 19:10:214 INFO  BasePage:43 - Clicked on element Input Forms
2019-10-06 19:10:509 INFO  BasePage:51 - Entered omNamahSivaya  in the textbox By.xpath: //input[@id='user-message']
2019-10-06 19:10:791 INFO  BasePage:43 - Clicked on element Show Message
2019-10-06 19:10:637 INFO  BaseTest:82 - **************TC_001_invalidLoginTest_InvalidUserNameInvalidPasswordStarted*************** 
2019-10-06 19:10:852 INFO  BasePage:43 - Clicked on element Input Forms
2019-10-06 19:10:102 INFO  BasePage:51 - Entered omNamahSivaya  in the textbox By.xpath: //input[@id='user-message']
2019-10-06 19:10:270 INFO  BasePage:43 - Clicked on element Show Message
2019-10-06 19:10:466 INFO  BasePage:178 - element text is ..Single Input Field
2019-10-06 19:10:493 INFO  BaseTest:104 - **************TC_001_invalidLoginTest_InvalidUserNameInvalidPasswordFinished*************** 

2019-10-06 19:10:983 INFO  BaseTest:82 - **************TC_001_invalidLoginTest_InvalidUserNameInvalidPasswordStarted*************** 
2019-10-06 19:10:210 INFO  BasePage:43 - Clicked on element Input Forms
2019-10-06 19:10:434 INFO  BasePage:51 - Entered omNamahSivaya  in the textbox By.xpath: //input[@id='user-message']
2019-10-06 19:10:598 INFO  BasePage:43 - Clicked on element Show Message
2019-10-06 19:10:875 INFO  BasePage:178 - element text is ..Single Input Field
2019-10-06 19:10:968 INFO  BaseTest:82 - **************TC_001_invalidLoginTest_InvalidUserNameInvalidPasswordStarted*************** 
2019-10-06 19:10:184 INFO  BasePage:43 - Clicked on element Input Forms
2019-10-06 19:10:459 INFO  BasePage:51 - Entered omNamahSivaya  in the textbox By.xpath: //input[@id='user-message']
2019-10-06 19:10:667 INFO  BasePage:43 - Clicked on element Show Message
2019-10-06 19:10:860 INFO  BasePage:178 - element text is ..Single Input Field
2019-10-06 19:10:888 INFO  BaseTest:104 - **************TC_001_invalidLoginTest_InvalidUserNameInvalidPasswordFinished*************** 

2019-10-06 19:10:47 INFO  BaseTest:82 - **************TC_001_invalidLoginTest_InvalidUserNameInvalidPasswordStarted*************** 
2019-10-06 19:10:916 INFO  BasePage:43 - Clicked on element Input Forms
2019-10-06 19:10:197 INFO  BasePage:51 - Entered omNamahSivaya  in the textbox By.xpath: //input[@id='user-message']
2019-10-06 19:10:359 INFO  BasePage:43 - Clicked on element Show Message
2019-10-06 19:10:596 INFO  BasePage:43 - Clicked on element Input Forms
2019-10-06 19:10:244 INFO  BaseTest:104 - **************TC_001_invalidLoginTest_InvalidUserNameInvalidPasswordFinished*************** 

2019-10-06 19:10:660 INFO  BaseTest:82 - **************TC_001_invalidLoginTest_InvalidUserNameInvalidPasswordStarted*************** 
2019-10-06 19:10:866 INFO  BasePage:43 - Clicked on element Input Forms
2019-10-06 19:10:88 INFO  BasePage:51 - Entered omNamahSivaya  in the textbox By.xpath: //input[@id='user-message']
2019-10-06 19:10:252 INFO  BasePage:43 - Clicked on element Show Message
2019-10-06 19:10:458 INFO  BasePage:178 - element text is ..Single Input Field
2019-10-06 19:10:486 INFO  BaseTest:104 - **************TC_001_invalidLoginTest_InvalidUserNameInvalidPasswordFinished*************** 

2019-10-06 19:10:892 INFO  BaseTest:82 - **************TC_001_invalidLoginTest_InvalidUserNameInvalidPasswordStarted*************** 
2019-10-06 19:10:392 INFO  BasePage:43 - Clicked on element Input Forms
2019-10-06 19:10:686 INFO  BasePage:51 - Entered omNamahSivaya  in the textbox By.xpath: //input[@id='user-message']
2019-10-06 19:10:851 INFO  BasePage:43 - Clicked on element Show Message
2019-10-06 19:10:505 INFO  BasePage:43 - Clicked on element Input Forms
2019-10-06 19:10:166 INFO  BaseTest:104 - **************TC_001_invalidLoginTest_InvalidUserNameInvalidPasswordFinished*************** 

2019-10-06 19:10:858 INFO  BaseTest:82 - **************TC_001_invalidLoginTest_InvalidUserNameInvalidPasswordStarted*************** 
2019-10-06 19:10:17 INFO  BasePage:43 - Clicked on element Input Forms
2019-10-06 19:10:362 INFO  BasePage:51 - Entered omNamahSivaya  in the textbox By.xpath: //input[@id='user-message']
2019-10-06 19:10:563 INFO  BasePage:43 - Clicked on element Show Message
2019-10-06 19:10:849 INFO  BasePage:178 - element text is ..Single Input Field
2019-10-06 19:10:878 INFO  BaseTest:104 - **************TC_001_invalidLoginTest_InvalidUserNameInvalidPasswordFinished*************** 

2019-10-06 19:10:536 INFO  BaseTest:82 - **************TC_001_invalidLoginTest_InvalidUserNameInvalidPasswordStarted*************** 
2019-10-06 19:10:446 INFO  BasePage:43 - Clicked on element Input Forms
2019-10-06 19:10:696 INFO  BasePage:51 - Entered omNamahSivaya  in the textbox By.xpath: //input[@id='user-message']
2019-10-06 19:10:869 INFO  BasePage:43 - Clicked on element Show Message
2019-10-06 19:10:800 INFO  BasePage:178 - element text is ..Single Input Field
2019-10-06 19:10:392 INFO  BaseTest:104 - **************TC_001_invalidLoginTest_InvalidUserNameInvalidPasswordFinished*************** 

2019-10-06 19:10:76 INFO  BaseTest:82 - **************TC_001_invalidLoginTest_InvalidUserNameInvalidPasswordStarted*************** 
2019-10-06 19:10:517 INFO  BasePage:43 - Clicked on element Input Forms
2019-10-06 19:10:189 INFO  BasePage:51 - Entered omNamahSivaya  in the textbox By.xpath: //input[@id='user-message']
2019-10-06 19:10:397 INFO  BasePage:43 - Clicked on element Show Message
2019-10-06 19:10:266 INFO  BasePage:178 - element text is ..Single Input Field
2019-10-06 19:10:185 INFO  BaseTest:104 - **************TC_001_invalidLoginTest_InvalidUserNameInvalidPasswordFinished*************** 

2019-10-06 19:10:242 INFO  BaseTest:82 - **************TC_001_invalidLoginTest_InvalidUserNameInvalidPasswordStarted*************** 
2019-10-06 19:10:494 INFO  BasePage:43 - Clicked on element Input Forms
2019-10-06 19:10:767 INFO  BasePage:51 - Entered omNamahSivaya  in the textbox By.xpath: //input[@id='user-message']
2019-10-06 19:10:959 INFO  BasePage:43 - Clicked on element Show Message
2019-10-06 19:10:203 INFO  BasePage:178 - element text is ..Single Input Field
2019-10-06 19:10:246 INFO  BaseTest:104 - **************TC_001_invalidLoginTest_InvalidUserNameInvalidPasswordFinished*************** 

2019-10-06 20:10:268 INFO  BaseTest:82 - **************TC_001_invalidLoginTest_InvalidUserNameInvalidPasswordStarted*************** 
2019-10-06 20:10:514 INFO  BasePage:43 - Clicked on element Input Forms
2019-10-06 20:10:799 INFO  BasePage:51 - Entered omNamahSivaya  in the textbox By.xpath: //input[@id='user-message']
2019-10-06 20:10:981 INFO  BasePage:43 - Clicked on element Show Message
2019-10-06 20:10:220 INFO  BasePage:178 - element text is ..Single Input Field
2019-10-06 20:10:515 INFO  BaseTest:104 - **************TC_001_invalidLoginTest_InvalidUserNameInvalidPasswordFinished*************** 

2019-10-06 20:10:463 INFO  BaseTest:82 - **************TC_001_invalidLoginTest_InvalidUserNameInvalidPasswordStarted*************** 
2019-10-06 20:10:676 INFO  BasePage:43 - Clicked on element Input Forms
2019-10-06 20:10:937 INFO  BasePage:51 - Entered omNamahSivaya  in the textbox By.xpath: //input[@id='user-message']
2019-10-06 20:10:99 INFO  BasePage:43 - Clicked on element Show Message
2019-10-06 20:10:299 INFO  BasePage:178 - element text is ..Single Input Field
2019-10-06 20:10:334 INFO  BaseTest:104 - **************TC_001_invalidLoginTest_InvalidUserNameInvalidPasswordFinished*************** 

2019-10-06 20:10:974 INFO  BaseTest:82 - **************TC_001_invalidLoginTest_InvalidUserNameInvalidPasswordStarted*************** 
2019-10-06 20:10:198 INFO  BasePage:43 - Clicked on element Input Forms
2019-10-06 20:10:517 INFO  BasePage:51 - Entered omNamahSivaya  in the textbox By.xpath: //input[@id='user-message']
2019-10-06 20:10:680 INFO  BasePage:43 - Clicked on element Show Message
2019-10-06 20:10:889 INFO  BasePage:178 - element text is ..Single Input Field
2019-10-06 20:10:920 INFO  BaseTest:104 - **************TC_001_invalidLoginTest_InvalidUserNameInvalidPasswordFinished*************** 

2019-10-06 20:10:297 INFO  BaseTest:82 - **************TC_001_invalidLoginTest_InvalidUserNameInvalidPasswordStarted*************** 
2019-10-06 20:10:507 INFO  BasePage:43 - Clicked on element Input Forms
2019-10-06 20:10:724 INFO  BasePage:51 - Entered omNamahSivaya  in the textbox By.xpath: //input[@id='user-message']
2019-10-06 20:10:892 INFO  BasePage:43 - Clicked on element Show Message
2019-10-06 20:10:87 INFO  BasePage:178 - element text is ..Single Input Field
2019-10-06 20:10:516 INFO  BaseTest:104 - **************TC_001_invalidLoginTest_InvalidUserNameInvalidPasswordFinished*************** 

2019-10-06 20:10:82 INFO  BaseTest:82 - **************TC_001_invalidLoginTest_InvalidUserNameInvalidPasswordStarted*************** 
2019-10-06 20:10:296 INFO  BasePage:43 - Clicked on element Input Forms
2019-10-06 20:10:523 INFO  BasePage:51 - Entered omNamahSivaya  in the textbox By.xpath: //input[@id='user-message']
2019-10-06 20:10:699 INFO  BasePage:43 - Clicked on element Show Message
2019-10-06 20:10:896 INFO  BasePage:178 - element text is ..Single Input Field
2019-10-06 20:10:334 INFO  BaseTest:104 - **************TC_001_invalidLoginTest_InvalidUserNameInvalidPasswordFinished*************** 

2019-10-06 20:10:432 INFO  BaseTest:82 - **************TC_001_invalidLoginTest_InvalidUserNameInvalidPasswordStarted*************** 
2019-10-06 20:10:646 INFO  BasePage:43 - Clicked on element Input Forms
2019-10-06 20:10:963 INFO  BasePage:51 - Entered omNamahSivaya  in the textbox By.xpath: //input[@id='user-message']
2019-10-06 20:10:143 INFO  BasePage:43 - Clicked on element Show Message
2019-10-06 20:10:341 INFO  BasePage:178 - element text is ..Single Input Field
2019-10-06 20:10:760 INFO  BaseTest:104 - **************TC_001_invalidLoginTest_InvalidUserNameInvalidPasswordFinished*************** 

2019-10-06 20:10:527 INFO  BaseTest:82 - **************TC_001_invalidLoginTest_InvalidUserNameInvalidPasswordStarted*************** 
2019-10-06 20:10:701 INFO  BasePage:43 - Clicked on element Input Forms
2019-10-06 20:10:929 INFO  BasePage:51 - Entered omNamahSivaya  in the textbox By.xpath: //input[@id='user-message']
2019-10-06 20:10:92 INFO  BasePage:43 - Clicked on element Show Message
2019-10-06 20:10:275 INFO  BasePage:178 - element text is ..Single Input Field
2019-10-06 20:10:671 INFO  BaseTest:104 - **************TC_001_invalidLoginTest_InvalidUserNameInvalidPasswordFinished*************** 

2019-10-06 20:10:528 INFO  BaseTest:82 - **************TC_001_invalidLoginTest_InvalidUserNameInvalidPasswordStarted*************** 
2019-10-06 20:10:784 INFO  BasePage:43 - Clicked on element Input Forms
2019-10-06 20:10:132 INFO  BasePage:51 - Entered omNamahSivaya  in the textbox By.xpath: //input[@id='user-message']
2019-10-06 20:10:353 INFO  BasePage:43 - Clicked on element Show Message
2019-10-06 20:10:582 INFO  BasePage:178 - element text is ..Single Input Field
2019-10-06 20:10:997 INFO  BaseTest:104 - **************TC_001_invalidLoginTest_InvalidUserNameInvalidPasswordFinished*************** 

2019-10-06 20:10:761 INFO  BaseTest:82 - **************TC_001_invalidLoginTest_InvalidUserNameInvalidPasswordStarted*************** 
2019-10-06 20:10:973 INFO  BasePage:43 - Clicked on element Input Forms
2019-10-06 20:10:193 INFO  BasePage:51 - Entered omNamahSivaya  in the textbox By.xpath: //input[@id='user-message']
2019-10-06 20:10:362 INFO  BasePage:43 - Clicked on element Show Message
2019-10-06 20:10:559 INFO  BasePage:178 - element text is ..Single Input Field
2019-10-06 20:10:980 INFO  BaseTest:104 - **************TC_001_invalidLoginTest_InvalidUserNameInvalidPasswordFinished*************** 

2019-10-06 20:10:435 INFO  BaseTest:82 - **************TC_001_invalidLoginTest_InvalidUserNameInvalidPasswordStarted*************** 
2019-10-06 20:10:645 INFO  BasePage:43 - Clicked on element Input Forms
2019-10-06 20:10:863 INFO  BasePage:51 - Entered omNamahSivaya  in the textbox By.xpath: //input[@id='user-message']
2019-10-06 20:10:32 INFO  BasePage:43 - Clicked on element Show Message
2019-10-06 20:10:229 INFO  BasePage:178 - element text is ..Single Input Field
2019-10-06 20:10:258 INFO  BaseTest:104 - **************TC_001_invalidLoginTest_InvalidUserNameInvalidPasswordFinished*************** 

2019-10-06 20:10:293 INFO  BaseTest:82 - **************TC_001_invalidLoginTest_InvalidUserNameInvalidPasswordStarted*************** 
2019-10-06 20:10:526 INFO  BasePage:43 - Clicked on element Input Forms
2019-10-06 20:10:755 INFO  BasePage:51 - Entered omNamahSivaya  in the textbox By.xpath: //input[@id='user-message']
2019-10-06 20:10:913 INFO  BasePage:43 - Clicked on element Show Message
2019-10-06 20:10:110 INFO  BasePage:178 - element text is ..Single Input Field
2019-10-06 20:10:547 INFO  BaseTest:104 - **************TC_001_invalidLoginTest_InvalidUserNameInvalidPasswordFinished*************** 

2019-10-06 20:10:846 INFO  BaseTest:82 - **************TC_001_invalidLoginTest_InvalidUserNameInvalidPasswordStarted*************** 
2019-10-06 20:10:69 INFO  BasePage:43 - Clicked on element Input Forms
2019-10-06 20:10:540 INFO  BasePage:51 - Entered omNamahSivaya  in the textbox By.xpath: //input[@id='user-message']
2019-10-06 20:10:986 INFO  BasePage:43 - Clicked on element Show Message
2019-10-06 20:10:215 INFO  BasePage:178 - element text is ..Single Input Field
2019-10-06 20:10:628 INFO  BaseTest:104 - **************TC_001_invalidLoginTest_InvalidUserNameInvalidPasswordFinished*************** 

2019-10-06 20:10:862 INFO  BaseTest:82 - **************TC_001_invalidLoginTest_InvalidUserNameInvalidPasswordStarted*************** 
2019-10-06 20:10:73 INFO  BasePage:43 - Clicked on element Input Forms
2019-10-06 20:10:304 INFO  BasePage:51 - Entered omNamahSivaya  in the textbox By.xpath: //input[@id='user-message']
2019-10-06 20:10:466 INFO  BasePage:43 - Clicked on element Show Message
2019-10-06 20:10:658 INFO  BasePage:178 - element text is ..Single Input Field
2019-10-06 20:10:688 INFO  BaseTest:104 - **************TC_001_invalidLoginTest_InvalidUserNameInvalidPasswordFinished*************** 

2019-10-06 20:10:288 INFO  BaseTest:82 - **************TC_001_invalidLoginTest_InvalidUserNameInvalidPasswordStarted*************** 
2019-10-06 20:10:512 INFO  BasePage:43 - Clicked on element Input Forms
2019-10-06 20:10:864 INFO  BasePage:51 - Entered omNamahSivaya  in the textbox By.xpath: //input[@id='user-message']
2019-10-06 20:10:76 INFO  BasePage:43 - Clicked on element Show Message
2019-10-06 20:10:340 INFO  BasePage:178 - element text is ..Single Input Field
2019-10-06 20:10:374 INFO  BaseTest:104 - **************TC_001_invalidLoginTest_InvalidUserNameInvalidPasswordFinished*************** 

2019-10-06 20:10:740 INFO  BaseTest:82 - **************TC_001_invalidLoginTest_InvalidUserNameInvalidPasswordStarted*************** 
2019-10-06 20:10:06 INFO  BasePage:43 - Clicked on element Input Forms
2019-10-06 20:10:354 INFO  BasePage:51 - Entered omNamahSivaya  in the textbox By.xpath: //input[@id='user-message']
2019-10-06 20:10:555 INFO  BasePage:43 - Clicked on element Show Message
2019-10-06 20:10:798 INFO  BasePage:178 - element text is ..Single Input Field
2019-10-06 20:10:258 INFO  BaseTest:104 - **************TC_001_invalidLoginTest_InvalidUserNameInvalidPasswordFinished*************** 

2019-10-06 20:10:274 INFO  BaseTest:82 - **************TC_001_invalidLoginTest_InvalidUserNameInvalidPasswordStarted*************** 
2019-10-06 20:10:512 INFO  BasePage:43 - Clicked on element Input Forms
2019-10-06 20:10:893 INFO  BasePage:51 - Entered omNamahSivaya  in the textbox By.xpath: //input[@id='user-message']
2019-10-06 20:10:330 INFO  BasePage:43 - Clicked on element Show Message
2019-10-06 20:10:649 INFO  BasePage:178 - element text is ..Single Input Field
2019-10-06 20:10:690 INFO  BaseTest:104 - **************TC_001_invalidLoginTest_InvalidUserNameInvalidPasswordFinished*************** 

2019-10-12 19:10:217 INFO  BaseTest:82 - **************TC_001_invalidLoginTest_InvalidUserNameInvalidPasswordStarted*************** 
2019-10-12 19:10:580 INFO  BasePage:43 - Clicked on element Input Forms
2019-10-12 19:10:18 INFO  BasePage:51 - Entered omNamahSivaya  in the textbox By.xpath: //input[@id='user-message']
2019-10-12 19:10:240 INFO  BasePage:43 - Clicked on element Show Message
2019-10-12 19:10:489 INFO  BasePage:178 - element text is ..Single Input Field
2019-10-12 19:10:523 INFO  BaseTest:104 - **************TC_001_invalidLoginTest_InvalidUserNameInvalidPasswordFinished*************** 

2020-02-21 17:02:517 INFO  BaseTest:82 - **************TC_001_invalidLoginTest_InvalidUserNameInvalidPasswordStarted*************** 
2020-02-21 17:02:852 INFO  BasePage:43 - Clicked on element Input Forms
2020-02-21 17:02:282 INFO  BasePage:51 - Entered omNamahSivaya  in the textbox By.xpath: //input[@id='user-message']
2020-02-21 17:02:597 INFO  BasePage:43 - Clicked on element Show Message
2020-02-21 17:02:942 INFO  BasePage:178 - element text is ..Single Input Field
2020-02-21 17:02:485 INFO  BaseTest:104 - **************TC_001_invalidLoginTest_InvalidUserNameInvalidPasswordFinished*************** 

2020-02-21 17:02:236 INFO  BaseTest:82 - **************TC_001_invalidLoginTest_InvalidUserNameInvalidPasswordStarted*************** 
2020-02-21 17:02:516 INFO  BasePage:43 - Clicked on element Input Forms
2020-02-21 17:02:856 INFO  BasePage:51 - Entered omNamahSivaya  in the textbox By.xpath: //input[@id='user-message']
2020-02-21 17:02:215 INFO  BasePage:43 - Clicked on element Show Message
2020-02-21 17:02:523 INFO  BasePage:178 - element text is ..Single Input Field
2020-02-21 17:02:08 INFO  BaseTest:104 - **************TC_001_invalidLoginTest_InvalidUserNameInvalidPasswordFinished*************** 

2020-03-17 14:03:624 INFO  BaseTest:82 - **************TC_001_invalidLoginTest_InvalidUserNameInvalidPasswordStarted*************** 
2020-03-17 14:03:941 INFO  BasePage:43 - Clicked on element Input Forms
2020-03-17 14:03:190 INFO  BasePage:51 - Entered omNamahSivaya  in the textbox By.xpath: //input[@id='user-message']
2020-03-17 14:03:381 INFO  BasePage:43 - Clicked on element Show Message
2020-03-17 14:03:593 INFO  BasePage:178 - element text is ..Single Input Field
2020-03-17 14:03:181 INFO  BaseTest:104 - **************TC_001_invalidLoginTest_InvalidUserNameInvalidPasswordFinished*************** 

2020-03-17 14:03:37 INFO  BaseTest:82 - **************TC_001_invalidLoginTest_InvalidUserNameInvalidPasswordStarted*************** 
2020-03-17 14:03:299 INFO  BasePage:43 - Clicked on element Input Forms
2020-03-17 14:03:699 INFO  BasePage:51 - Entered omNamahSivaya  in the textbox By.xpath: //input[@id='user-message']
2020-03-17 14:03:991 INFO  BasePage:43 - Clicked on element Show Message
2020-03-17 14:03:202 INFO  BasePage:178 - element text is ..Single Input Field
2020-03-17 14:03:614 INFO  BaseTest:104 - **************TC_001_invalidLoginTest_InvalidUserNameInvalidPasswordFinished*************** 

2020-03-17 14:03:462 INFO  BaseTest:82 - **************TC_001_invalidLoginTest_InvalidUserNameInvalidPasswordStarted*************** 
2020-03-17 14:03:651 INFO  BasePage:43 - Clicked on element Input Forms
2020-03-17 14:03:878 INFO  BasePage:51 - Entered omNamahSivaya  in the textbox By.xpath: //input[@id='user-message']
2020-03-17 14:03:74 INFO  BasePage:43 - Clicked on element Show Message
2020-03-17 14:03:278 INFO  BasePage:178 - element text is ..Single Input Field
2020-03-17 14:03:304 INFO  BaseTest:104 - **************TC_001_invalidLoginTest_InvalidUserNameInvalidPasswordFinished*************** 

2020-03-17 14:03:709 INFO  BaseTest:82 - **************TC_001_invalidLoginTest_InvalidUserNameInvalidPasswordStarted*************** 
2020-03-17 14:03:928 INFO  BasePage:43 - Clicked on element Input Forms
2020-03-17 14:03:189 INFO  BasePage:51 - Entered omNamahSivaya  in the textbox By.xpath: //input[@id='user-message']
2020-03-17 14:03:390 INFO  BasePage:43 - Clicked on element Show Message
2020-03-17 14:03:599 INFO  BasePage:178 - element text is ..Single Input Field
2020-03-17 14:03:17 INFO  BaseTest:104 - **************TC_001_invalidLoginTest_InvalidUserNameInvalidPasswordFinished*************** 

2020-03-17 14:03:475 INFO  BaseTest:82 - **************TC_001_invalidLoginTest_InvalidUserNameInvalidPasswordStarted*************** 
2020-03-17 14:03:665 INFO  BasePage:43 - Clicked on element Input Forms
2020-03-17 14:03:918 INFO  BasePage:51 - Entered omNamahSivaya  in the textbox By.xpath: //input[@id='user-message']
2020-03-17 14:03:116 INFO  BasePage:43 - Clicked on element Show Message
2020-03-17 14:03:318 INFO  BasePage:178 - element text is ..Single Input Field
2020-03-17 14:03:345 INFO  BaseTest:104 - **************TC_001_invalidLoginTest_InvalidUserNameInvalidPasswordFinished*************** 

2020-03-17 14:03:683 INFO  BaseTest:82 - **************TC_001_invalidLoginTest_InvalidUserNameInvalidPasswordStarted*************** 
2020-03-17 14:03:956 INFO  BasePage:43 - Clicked on element Input Forms
2020-03-17 14:03:187 INFO  BasePage:51 - Entered omNamahSivaya  in the textbox By.xpath: //input[@id='user-message']
2020-03-17 14:03:433 INFO  BasePage:43 - Clicked on element Show Message
2020-03-17 14:03:641 INFO  BasePage:178 - element text is ..Single Input Field
2020-03-17 14:03:67 INFO  BaseTest:104 - **************TC_001_invalidLoginTest_InvalidUserNameInvalidPasswordFinished*************** 

2020-03-17 14:03:816 INFO  BaseTest:82 - **************TC_001_invalidLoginTest_InvalidUserNameInvalidPasswordStarted*************** 
2020-03-17 14:03:25 INFO  BasePage:43 - Clicked on element Input Forms
2020-03-17 14:03:299 INFO  BasePage:51 - Entered omNamahSivaya  in the textbox By.xpath: //input[@id='user-message']
2020-03-17 14:03:514 INFO  BasePage:43 - Clicked on element Show Message
2020-03-17 14:03:747 INFO  BasePage:178 - element text is ..Single Input Field
2020-03-17 14:03:787 INFO  BaseTest:104 - **************TC_001_invalidLoginTest_InvalidUserNameInvalidPasswordFinished*************** 

2020-03-17 15:03:252 INFO  BaseTest:82 - **************TC_001_invalidLoginTest_InvalidUserNameInvalidPasswordStarted*************** 
2020-03-17 15:03:628 INFO  BasePage:43 - Clicked on element Input Forms
2020-03-17 15:03:128 INFO  BasePage:51 - Entered omNamahSivaya  in the textbox By.xpath: //input[@id='user-message']
2020-03-17 15:03:410 INFO  BasePage:43 - Clicked on element Show Message
2020-03-17 15:03:703 INFO  BasePage:178 - element text is ..Single Input Field
2020-03-17 15:03:170 INFO  BaseTest:104 - **************TC_001_invalidLoginTest_InvalidUserNameInvalidPasswordFinished*************** 

2020-03-17 15:03:253 INFO  BaseTest:82 - **************TC_001_invalidLoginTest_InvalidUserNameInvalidPasswordStarted*************** 
2020-03-17 15:03:648 INFO  BasePage:43 - Clicked on element Input Forms
2020-03-17 15:03:311 INFO  BasePage:51 - Entered omNamahSivaya  in the textbox By.xpath: //input[@id='user-message']
2020-03-17 15:03:611 INFO  BasePage:43 - Clicked on element Show Message
2020-03-17 15:03:24 INFO  BasePage:178 - element text is ..Single Input Field
2020-03-17 15:03:73 INFO  BaseTest:104 - **************TC_001_invalidLoginTest_InvalidUserNameInvalidPasswordFinished*************** 

2020-03-17 15:03:440 INFO  BaseTest:82 - **************TC_001_invalidLoginTest_InvalidUserNameInvalidPasswordStarted*************** 
2020-03-17 15:03:787 INFO  BasePage:43 - Clicked on element Input Forms
2020-03-17 15:03:168 INFO  BasePage:51 - Entered omNamahSivaya  in the textbox By.xpath: //input[@id='user-message']
2020-03-17 15:03:579 INFO  BasePage:43 - Clicked on element Show Message
2020-03-17 15:03:734 INFO  BasePage:178 - element text is ..Single Input Field
2020-03-17 15:03:237 INFO  BaseTest:104 - **************TC_001_invalidLoginTest_InvalidUserNameInvalidPasswordFinished*************** 

2020-03-17 15:03:40 INFO  BaseTest:82 - **************TC_001_invalidLoginTest_InvalidUserNameInvalidPasswordStarted*************** 
2020-03-17 15:03:873 INFO  BasePage:43 - Clicked on element Input Forms
2020-03-17 15:03:352 INFO  BasePage:51 - Entered omNamahSivaya  in the textbox By.xpath: //input[@id='user-message']
2020-03-17 15:03:430 INFO  BasePage:43 - Clicked on element Show Message
2020-03-17 15:03:210 INFO  BasePage:178 - element text is ..Single Input Field
2020-03-17 15:03:301 INFO  BaseTest:104 - **************TC_001_invalidLoginTest_InvalidUserNameInvalidPasswordFinished*************** 

2020-03-17 16:03:776 INFO  BaseTest:82 - **************TC_001_invalidLoginTest_InvalidUserNameInvalidPasswordStarted*************** 
2020-03-17 16:03:72 INFO  BasePage:43 - Clicked on element Input Forms
2020-03-17 16:03:526 INFO  BasePage:51 - Entered omNamahSivaya  in the textbox By.xpath: //input[@id='user-message']
2020-03-17 16:03:825 INFO  BasePage:43 - Clicked on element Show Message
2020-03-17 16:03:143 INFO  BasePage:178 - element text is ..Single Input Field
2020-03-17 16:03:579 INFO  BaseTest:104 - **************TC_001_invalidLoginTest_InvalidUserNameInvalidPasswordFinished*************** 

2020-03-17 16:03:396 INFO  BaseTest:82 - **************TC_001_invalidLoginTest_InvalidUserNameInvalidPasswordStarted*************** 
2020-03-17 16:03:195 INFO  BasePage:43 - Clicked on element Input Forms
2020-03-17 16:03:556 INFO  BasePage:51 - Entered omNamahSivaya  in the textbox By.xpath: //input[@id='user-message']
2020-03-17 16:03:05 INFO  BasePage:43 - Clicked on element Show Message
2020-03-17 16:03:419 INFO  BasePage:178 - element text is ..Single Input Field
2020-03-17 16:03:466 INFO  BaseTest:104 - **************TC_001_invalidLoginTest_InvalidUserNameInvalidPasswordFinished*************** 

2020-03-17 18:03:20 INFO  BaseTest:82 - **************TC_001_invalidLoginTest_InvalidUserNameInvalidPasswordStarted*************** 
2020-03-17 18:03:293 INFO  BasePage:43 - Clicked on element Input Forms
2020-03-17 18:03:558 INFO  BasePage:51 - Entered omNamahSivaya  in the textbox By.xpath: //input[@id='user-message']
2020-03-17 18:03:849 INFO  BasePage:43 - Clicked on element Show Message
2020-03-17 18:03:47 INFO  BasePage:178 - element text is ..Single Input Field
2020-03-17 18:03:466 INFO  BaseTest:104 - **************TC_001_invalidLoginTest_InvalidUserNameInvalidPasswordFinished*************** 

2020-03-17 18:03:216 INFO  BaseTest:82 - **************TC_001_invalidLoginTest_InvalidUserNameInvalidPasswordStarted*************** 
2020-03-17 18:03:443 INFO  BasePage:43 - Clicked on element Input Forms
2020-03-17 18:03:853 INFO  BasePage:51 - Entered omNamahSivaya  in the textbox By.xpath: //input[@id='user-message']
2020-03-17 18:03:86 INFO  BasePage:43 - Clicked on element Show Message
2020-03-17 18:03:336 INFO  BasePage:178 - element text is ..Single Input Field
2020-03-17 18:03:383 INFO  BaseTest:104 - **************TC_001_invalidLoginTest_InvalidUserNameInvalidPasswordFinished*************** 

2020-03-17 19:03:37 INFO  BaseTest:82 - **************TC_001_invalidLoginTest_InvalidUserNameInvalidPasswordStarted*************** 
2020-03-17 19:03:916 INFO  BasePage:43 - Clicked on element Input Forms
2020-03-17 19:03:898 INFO  BasePage:51 - Entered omNamahSivaya  in the textbox By.xpath: //input[@id='user-message']
2020-03-17 19:03:507 INFO  BasePage:43 - Clicked on element Show Message
2020-03-17 19:03:219 INFO  BasePage:178 - element text is ..Single Input Field
2020-03-17 19:03:747 INFO  BaseTest:104 - **************TC_001_invalidLoginTest_InvalidUserNameInvalidPasswordFinished*************** 

2020-03-17 19:03:704 INFO  BaseTest:82 - **************TC_001_invalidLoginTest_InvalidUserNameInvalidPasswordStarted*************** 
2020-03-17 19:03:203 INFO  BasePage:43 - Clicked on element Input Forms
2020-03-17 19:03:877 INFO  BasePage:51 - Entered omNamahSivaya  in the textbox By.xpath: //input[@id='user-message']
2020-03-17 19:03:439 INFO  BasePage:43 - Clicked on element Show Message
2020-03-17 19:03:770 INFO  BasePage:178 - element text is ..Single Input Field
2020-03-17 19:03:829 INFO  BaseTest:104 - **************TC_001_invalidLoginTest_InvalidUserNameInvalidPasswordFinished*************** 

